[0127/115048.209:ERROR:directory_reader_win.cc(43)] FindFirstFile: The system cannot find the path specified. (0x3)
[0127/233113.181:ERROR:directory_reader_win.cc(43)] FindFirstFile: The system cannot find the path specified. (0x3)
[0129/174530.496:ERROR:directory_reader_win.cc(43)] FindFirstFile: The system cannot find the path specified. (0x3)
[0130/182923.908:ERROR:directory_reader_win.cc(43)] FindFirstFile: The system cannot find the path specified. (0x3)
[0131/194208.902:ERROR:directory_reader_win.cc(43)] FindFirstFile: The system cannot find the path specified. (0x3)
[0201/194209.700:ERROR:directory_reader_win.cc(43)] FindFirstFile: The system cannot find the path specified. (0x3)
[0202/194753.826:ERROR:directory_reader_win.cc(43)] FindFirstFile: The system cannot find the path specified. (0x3)
[0204/020645.431:ERROR:directory_reader_win.cc(43)] FindFirstFile: The system cannot find the path specified. (0x3)
[0204/030800.317:ERROR:process_reader_win.cc(151)] SuspendThread: Access is denied. (0x5)
[0204/030800.353:ERROR:process_reader_win.cc(151)] SuspendThread: Access is denied. (0x5)
[0204/030800.353:ERROR:process_reader_win.cc(123)] NtOpenThread: An invalid Client ID was specified. (0xc000000b)
[0204/030800.441:ERROR:process_reader_win.cc(151)] SuspendThread: Access is denied. (0x5)
[0204/030800.441:ERROR:process_reader_win.cc(151)] SuspendThread: Access is denied. (0x5)
[0204/030800.441:ERROR:process_reader_win.cc(151)] SuspendThread: Access is denied. (0x5)
[0204/030800.441:ERROR:process_reader_win.cc(151)] SuspendThread: Access is denied. (0x5)
[0204/030801.972:ERROR:process_reader_win.cc(151)] SuspendThread: Access is denied. (0x5)
[0204/030801.972:ERROR:process_reader_win.cc(151)] SuspendThread: Access is denied. (0x5)
[0204/030801.972:ERROR:process_reader_win.cc(151)] SuspendThread: Access is denied. (0x5)
[0204/030801.972:ERROR:process_reader_win.cc(151)] SuspendThread: Access is denied. (0x5)
[0204/030802.511:ERROR:process_reader_win.cc(151)] SuspendThread: Access is denied. (0x5)
[0204/030802.511:ERROR:process_reader_win.cc(151)] SuspendThread: Access is denied. (0x5)
[0204/030802.511:ERROR:process_reader_win.cc(151)] SuspendThread: Access is denied. (0x5)
[0204/030802.511:ERROR:process_reader_win.cc(151)] SuspendThread: Access is denied. (0x5)
[0204/030802.511:ERROR:process_reader_win.cc(151)] SuspendThread: Access is denied. (0x5)
[0204/030802.511:ERROR:process_reader_win.cc(151)] SuspendThread: Access is denied. (0x5)
[0204/030802.511:ERROR:process_reader_win.cc(151)] SuspendThread: Access is denied. (0x5)
[0204/030802.511:ERROR:process_reader_win.cc(151)] SuspendThread: Access is denied. (0x5)
[0204/030804.891:ERROR:process_reader_win.cc(151)] SuspendThread: Access is denied. (0x5)
[0204/030804.891:ERROR:process_reader_win.cc(151)] SuspendThread: Access is denied. (0x5)
[0204/030804.891:ERROR:process_reader_win.cc(151)] SuspendThread: Access is denied. (0x5)
[0204/030804.891:ERROR:process_reader_win.cc(151)] SuspendThread: Access is denied. (0x5)
[0224/181852.074:ERROR:directory_reader_win.cc(43)] FindFirstFile: The system cannot find the path specified. (0x3)
[0225/195130.420:ERROR:directory_reader_win.cc(43)] FindFirstFile: The system cannot find the path specified. (0x3)
[0227/053548.428:ERROR:directory_reader_win.cc(43)] FindFirstFile: The system cannot find the path specified. (0x3)
[0303/122458.662:ERROR:directory_reader_win.cc(43)] FindFirstFile: The system cannot find the path specified. (0x3)
[0303/154530.042:ERROR:directory_reader_win.cc(43)] FindFirstFile: The system cannot find the path specified. (0x3)
[0303/202550.545:ERROR:directory_reader_win.cc(43)] FindFirstFile: The system cannot find the path specified. (0x3)
[0304/194403.286:ERROR:settings.cc(320)] Settings magic is not 1129342067
[0304/195403.312:ERROR:directory_reader_win.cc(43)] FindFirstFile: The system cannot find the path specified. (0x3)
[0304/204223.762:ERROR:directory_reader_win.cc(43)] FindFirstFile: The system cannot find the path specified. (0x3)
[0305/165925.995:ERROR:directory_reader_win.cc(43)] FindFirstFile: The system cannot find the path specified. (0x3)
[0306/192511.570:ERROR:directory_reader_win.cc(43)] FindFirstFile: The system cannot find the path specified. (0x3)
[0306/194458.024:ERROR:file_io.cc(135)] WriteFile: The pipe is being closed. (0xE8)
